<?xml version="1.0" encoding="UTF-8"?>
<!-- Generated by org.testng.reporters.JUnitXMLReporter -->
<testsuite ignored="0" hostname="KEVAL" failures="0" tests="6" name="Default test" time="15.552" errors="0" timestamp="2023-07-31T13:18:07 EDT">
  <testcase classname="testClass.TestTableData" name="testTableData" time="0.179"/>
  <testcase classname="testClass.TestButtonDisplayAndClick" name="testButtonDisplayAndClick" time="6.472"/>
  <testcase classname="testClass.TestButtons" name="testButtons" time="0.073"/>
  <testcase classname="testClass.TestLogin" name="testLogin" time="0.226"/>
  <testcase classname="testClass.TestDropdownMenu" name="testDropdownMenu" time="0.15"/>
  <testcase classname="testClass.TestListItems" name="testListItems" time="0.088"/>
</testsuite> <!-- Default test -->
